D:\ZALOGIX-POJECTS\SHADR\PARSE_FILE_WITH_MAGNITUDE\PROGRAM\DEBUG\PROGRAM.EXE
D:\ZALOGIX-POJECTS\SHADR\PARSE_FILE_WITH_MAGNITUDE\PROGRAM\DEBUG\PROGRAM.ILK
D:\ZALOGIX-POJECTS\SHADR\PARSE_FILE_WITH_MAGNITUDE\PROGRAM\DEBUG\PROGRAM.PDB
D:\zalogix-pojects\shadr\parse_file_with_magnitude\program\program\Debug\cl.command.1.tlog
D:\zalogix-pojects\shadr\parse_file_with_magnitude\program\program\Debug\CL.read.1.tlog
D:\zalogix-pojects\shadr\parse_file_with_magnitude\program\program\Debug\CL.write.1.tlog
D:\zalogix-pojects\shadr\parse_file_with_magnitude\program\program\Debug\link.4844.read.1.tlog
D:\zalogix-pojects\shadr\parse_file_with_magnitude\program\program\Debug\link.4844.write.1.tlog
D:\zalogix-pojects\shadr\parse_file_with_magnitude\program\program\Debug\link.4844-cvtres.read.1.tlog
D:\zalogix-pojects\shadr\parse_file_with_magnitude\program\program\Debug\link.4844-cvtres.write.1.tlog
D:\zalogix-pojects\shadr\parse_file_with_magnitude\program\program\Debug\link.5060.read.1.tlog
D:\zalogix-pojects\shadr\parse_file_with_magnitude\program\program\Debug\link.5060.write.1.tlog
D:\zalogix-pojects\shadr\parse_file_with_magnitude\program\program\Debug\link.5060-cvtres.read.1.tlog
D:\zalogix-pojects\shadr\parse_file_with_magnitude\program\program\Debug\link.5060-cvtres.write.1.tlog
D:\zalogix-pojects\shadr\parse_file_with_magnitude\program\program\Debug\link.command.1.tlog
D:\zalogix-pojects\shadr\parse_file_with_magnitude\program\program\Debug\link.read.1.tlog
D:\zalogix-pojects\shadr\parse_file_with_magnitude\program\program\Debug\link.write.1.tlog
D:\zalogix-pojects\shadr\parse_file_with_magnitude\program\program\Debug\link-cvtres.read.1.tlog
D:\zalogix-pojects\shadr\parse_file_with_magnitude\program\program\Debug\link-cvtres.write.1.tlog
D:\zalogix-pojects\shadr\parse_file_with_magnitude\program\program\Debug\mt.command.1.tlog
D:\zalogix-pojects\shadr\parse_file_with_magnitude\program\program\Debug\mt.read.1.tlog
D:\zalogix-pojects\shadr\parse_file_with_magnitude\program\program\Debug\mt.write.1.tlog
D:\ZALOGIX-POJECTS\SHADR\PARSE_FILE_WITH_MAGNITUDE\PROGRAM\PROGRAM\DEBUG\PROGRAM.EXE.EMBED.MANIFEST
D:\ZALOGIX-POJECTS\SHADR\PARSE_FILE_WITH_MAGNITUDE\PROGRAM\PROGRAM\DEBUG\PROGRAM.EXE.EMBED.MANIFEST.RES
D:\ZALOGIX-POJECTS\SHADR\PARSE_FILE_WITH_MAGNITUDE\PROGRAM\PROGRAM\DEBUG\PROGRAM.EXE.INTERMEDIATE.MANIFEST
D:\ZALOGIX-POJECTS\SHADR\PARSE_FILE_WITH_MAGNITUDE\PROGRAM\PROGRAM\DEBUG\PROGRAM.OBJ
D:\ZALOGIX-POJECTS\SHADR\PARSE_FILE_WITH_MAGNITUDE\PROGRAM\PROGRAM\DEBUG\PROGRAM.PCH
D:\zalogix-pojects\shadr\parse_file_with_magnitude\program\program\Debug\program_manifest.rc
D:\zalogix-pojects\shadr\parse_file_with_magnitude\program\program\Debug\rc.command.1.tlog
D:\zalogix-pojects\shadr\parse_file_with_magnitude\program\program\Debug\rc.read.1.tlog
D:\zalogix-pojects\shadr\parse_file_with_magnitude\program\program\Debug\rc.write.1.tlog
D:\ZALOGIX-POJECTS\SHADR\PARSE_FILE_WITH_MAGNITUDE\PROGRAM\PROGRAM\DEBUG\STDAFX.OBJ
D:\zalogix-pojects\shadr\parse_file_with_magnitude\program\program\Debug\vc100.idb
D:\ZALOGIX-POJECTS\SHADR\PARSE_FILE_WITH_MAGNITUDE\PROGRAM\PROGRAM\DEBUG\VC100.PDB
