Построение начато 25.11.2013 20:23:23.
     1>Проект "D:\zalogix-pojects\shadr\parse_file_with_magnitude\program\program\program.vcxproj" в узле 2 (целевые объекты rebuild).
     1>_PrepareForClean:
         Файл "Debug\program.lastbuildstate" удаляется.
       InitializeBuildStatus:
         Создание "Debug\program.unsuccessfulbuild", так как было задано "AlwaysCreate".
       ClCompile:
         C:\Program Files\Microsoft Visual Studio 10.0\VC\bin\CL.exe /c /ZI /nologo /W3 /WX- /Od /Oy- /D WIN32 /D _DEBUG /D _CONSOLE /D _UNICODE /D UNICODE /Gm /EHsc /RTC1 /MDd /GS /fp:precise /Zc:wchar_t /Zc:forScope /Yc"StdAfx.h" /Fp"Debug\program.pch" /Fo"Debug\\" /Fd"Debug\vc100.pdb" /Gd /TP /analyze- /errorReport:prompt stdafx.cpp
         stdafx.cpp
         C:\Program Files\Microsoft Visual Studio 10.0\VC\bin\CL.exe /c /ZI /nologo /W3 /WX- /Od /Oy- /D WIN32 /D _DEBUG /D _CONSOLE /D _UNICODE /D UNICODE /Gm /EHsc /RTC1 /MDd /GS /fp:precise /Zc:wchar_t /Zc:forScope /Yu"StdAfx.h" /Fp"Debug\program.pch" /Fo"Debug\\" /Fd"Debug\vc100.pdb" /Gd /TP /analyze- /errorReport:prompt program.cpp
         program.cpp
       ManifestResourceCompile:
         C:\Program Files\Microsoft SDKs\Windows\v7.0A\bin\rc.exe /nologo /fo"Debug\program.exe.embed.manifest.res" Debug\program_manifest.rc 
       Link:
         C:\Program Files\Microsoft Visual Studio 10.0\VC\bin\link.exe /ERRORREPORT:PROMPT /OUT:"D:\zalogix-pojects\shadr\parse_file_with_magnitude\program\Debug\program.exe" /INCREMENTAL /NOLOGO kernel32.lib user32.lib gdi32.lib winspool.lib comdlg32.lib advapi32.lib shell32.lib ole32.lib oleaut32.lib uuid.lib odbc32.lib odbccp32.lib /MANIFEST /ManifestFile:"Debug\program.exe.intermediate.manifest" /MANIFESTUAC:"level='asInvoker' uiAccess='false'" /DEBUG /PDB:"D:\zalogix-pojects\shadr\parse_file_with_magnitude\program\Debug\program.pdb" /SUBSYSTEM:CONSOLE /TLBID:1 /DYNAMICBASE /NXCOMPAT /IMPLIB:"D:\zalogix-pojects\shadr\parse_file_with_magnitude\program\Debug\program.lib" /MACHINE:X86 Debug\program.exe.embed.manifest.res
         Debug\program.obj
         Debug\stdafx.obj
       Manifest:
         Файл "Debug\program.exe.embed.manifest" удаляется.
         C:\Program Files\Microsoft SDKs\Windows\v7.0A\bin\mt.exe /nologo /verbose /out:"Debug\program.exe.embed.manifest" /manifest Debug\program.exe.intermediate.manifest
         C:\Program Files\Microsoft SDKs\Windows\v7.0A\bin\rc.exe /nologo /fo"Debug\program.exe.embed.manifest.res" Debug\program_manifest.rc 
       LinkEmbedManifest:
         C:\Program Files\Microsoft Visual Studio 10.0\VC\bin\link.exe /ERRORREPORT:PROMPT /OUT:"D:\zalogix-pojects\shadr\parse_file_with_magnitude\program\Debug\program.exe" /INCREMENTAL /NOLOGO kernel32.lib user32.lib gdi32.lib winspool.lib comdlg32.lib advapi32.lib shell32.lib ole32.lib oleaut32.lib uuid.lib odbc32.lib odbccp32.lib /MANIFEST /ManifestFile:"Debug\program.exe.intermediate.manifest" /MANIFESTUAC:"level='asInvoker' uiAccess='false'" /DEBUG /PDB:"D:\zalogix-pojects\shadr\parse_file_with_magnitude\program\Debug\program.pdb" /SUBSYSTEM:CONSOLE /TLBID:1 /DYNAMICBASE /NXCOMPAT /IMPLIB:"D:\zalogix-pojects\shadr\parse_file_with_magnitude\program\Debug\program.lib" /MACHINE:X86 Debug\program.exe.embed.manifest.res
         Debug\program.obj
         Debug\stdafx.obj
         program.vcxproj -> D:\zalogix-pojects\shadr\parse_file_with_magnitude\program\Debug\program.exe
       FinalizeBuildStatus:
         Файл "Debug\program.unsuccessfulbuild" удаляется.
         Обращение к "Debug\program.lastbuildstate".
     1>Построение проекта "D:\zalogix-pojects\shadr\parse_file_with_magnitude\program\program\program.vcxproj" завершено (целевые объекты rebuild).

Построение успешно завершено.

Затраченное время: 00:00:07.35
